TN:
SF:app.js
FN:30,(anonymous_0)
FN:35,(anonymous_1)
FNF:2
FNH:2
FNDA:2,(anonymous_0)
FNDA:28,(anonymous_1)
DA:5,4
DA:6,4
DA:8,4
DA:10,4
DA:11,4
DA:12,4
DA:13,4
DA:15,4
DA:17,4
DA:19,4
DA:20,4
DA:21,4
DA:22,4
DA:24,4
DA:25,4
DA:26,4
DA:30,4
DA:31,2
DA:35,4
DA:36,28
DA:39,28
DA:41,28
DA:46,4
LF:23
LH:23
BRDA:36,0,0,1
BRDA:36,0,1,27
BRF:2
BRH:2
end_of_record
TN:
SF:config.js
FN:13,getDatabaseUri
FNF:1
FNH:1
FNDA:10,getDatabaseUri
DA:5,9
DA:6,9
DA:8,9
DA:10,9
DA:14,10
DA:21,9
DA:23,9
DA:24,1
DA:34,9
LF:9
LH:9
BRDA:8,0,0,9
BRDA:8,0,1,8
BRDA:10,1,0,9
BRDA:10,1,1,8
BRDA:14,2,0,7
BRDA:14,2,1,3
BRDA:16,3,0,3
BRDA:16,3,1,1
BRDA:21,4,0,8
BRDA:21,4,1,1
BRDA:23,5,0,1
BRDA:23,5,1,8
BRF:12
BRH:12
end_of_record
TN:
SF:db.js
FN:14,connectDb
FNF:1
FNH:1
FNDA:6,connectDb
DA:5,6
DA:6,6
DA:8,6
DA:10,6
DA:16,6
DA:17,6
DA:18,6
DA:19,6
DA:25,6
DA:27,6
LF:10
LH:10
BRF:0
BRH:0
end_of_record
TN:
SF:expressError.js
FN:10,(anonymous_0)
FN:20,(anonymous_1)
FN:28,(anonymous_2)
FN:36,(anonymous_3)
FN:44,(anonymous_4)
FNF:5
FNH:4
FNDA:43,(anonymous_0)
FNDA:14,(anonymous_1)
FNDA:13,(anonymous_2)
FNDA:16,(anonymous_3)
FNDA:0,(anonymous_4)
DA:11,43
DA:12,43
DA:13,43
DA:21,14
DA:29,13
DA:37,16
DA:45,0
DA:49,8
LF:8
LH:7
BRDA:20,0,0,2
BRDA:28,1,0,9
BRDA:36,2,0,0
BRDA:44,3,0,0
BRF:4
BRH:2
end_of_record
TN:
SF:helpers/sql.js
FN:19,sqlForPartialUpdate
FN:26,(anonymous_1)
FN:57,sqlForFilteringCompanies
FN:67,(anonymous_3)
FNF:4
FNH:4
FNDA:16,sqlForPartialUpdate
FNDA:25,(anonymous_1)
FNDA:6,sqlForFilteringCompanies
FNDA:6,(anonymous_3)
DA:3,7
DA:20,16
DA:23,15
DA:26,12
DA:27,25
DA:30,12
DA:59,6
DA:60,2
DA:63,4
DA:66,4
DA:67,6
DA:70,4
DA:77,7
LF:13
LH:13
BRDA:23,0,0,3
BRDA:23,0,1,12
BRDA:27,1,0,25
BRDA:27,1,1,11
BRDA:59,2,0,2
BRDA:59,2,1,4
BRDA:59,3,0,6
BRDA:59,3,1,4
BRF:8
BRH:8
end_of_record
TN:
SF:helpers/tokens.js
FN:8,createToken
FNF:1
FNH:1
FNDA:10,createToken
DA:3,5
DA:4,5
DA:9,10
DA:14,10
DA:17,5
LF:5
LH:5
BRF:0
BRH:0
end_of_record
TN:
SF:middleware/auth.js
FN:18,authenticateJWT
FN:41,ensureLoggedIn
FNF:2
FNH:2
FNDA:46,authenticateJWT
FNDA:32,ensureLoggedIn
DA:5,5
DA:6,5
DA:7,5
DA:20,46
DA:22,46
DA:23,46
DA:24,24
DA:26,24
DA:27,24
DA:32,46
DA:42,32
DA:43,9
DA:47,5
LF:13
LH:13
BRDA:23,0,0,24
BRDA:23,0,1,22
BRDA:42,1,0,23
BRDA:42,1,1,9
BRF:4
BRH:4
end_of_record
TN:
SF:models/_testCommon.js
FN:8,commonBeforeAll
FN:34,commonBeforeEach
FN:38,commonAfterEach
FN:42,commonAfterAll
FNF:4
FNH:4
FNDA:2,commonBeforeAll
FNDA:26,commonBeforeEach
FNDA:26,commonAfterEach
FNDA:2,commonAfterAll
DA:3,2
DA:5,2
DA:6,2
DA:10,2
DA:12,2
DA:14,2
DA:20,2
DA:35,26
DA:39,26
DA:43,2
DA:47,2
LF:11
LH:11
BRF:0
BRH:0
end_of_record
TN:
SF:models/company.js
FN:19,(anonymous_0)
FN:58,(anonymous_1)
FN:85,(anonymous_2)
FN:114,(anonymous_3)
FN:146,(anonymous_4)
FNF:5
FNH:5
FNDA:13,(anonymous_0)
FNDA:2,(anonymous_1)
FNDA:5,(anonymous_2)
FNDA:6,(anonymous_3)
FNDA:4,(anonymous_4)
DA:3,5
DA:4,5
DA:5,5
DA:20,13
DA:25,13
DA:26,1
DA:28,12
DA:48,12
DA:50,12
DA:59,2
DA:66,2
DA:74,2
DA:86,5
DA:95,5
DA:97,5
DA:99,3
DA:115,6
DA:121,5
DA:123,5
DA:133,5
DA:134,5
DA:136,5
DA:138,3
DA:147,4
DA:152,4
DA:154,4
DA:159,5
LF:27
LH:27
BRDA:25,0,0,1
BRDA:25,0,1,12
BRDA:97,1,0,2
BRDA:97,1,1,3
BRDA:136,2,0,2
BRDA:136,2,1,3
BRDA:154,3,0,2
BRDA:154,3,1,2
BRF:8
BRH:8
end_of_record
TN:
SF:models/user.js
FN:24,(anonymous_0)
FN:58,(anonymous_1)
FN:106,(anonymous_2)
FN:128,(anonymous_3)
FN:163,(anonymous_4)
FN:197,(anonymous_5)
FNF:6
FNH:6
FNDA:7,(anonymous_0)
FNDA:16,(anonymous_1)
FNDA:2,(anonymous_2)
FNDA:4,(anonymous_3)
FNDA:7,(anonymous_4)
FNDA:4,(anonymous_5)
DA:3,5
DA:4,5
DA:5,5
DA:10,5
DA:12,5
DA:26,7
DA:37,7
DA:39,7
DA:41,4
DA:42,4
DA:43,3
DA:44,3
DA:48,4
DA:60,16
DA:66,16
DA:67,1
DA:70,15
DA:72,15
DA:96,15
DA:98,15
DA:107,2
DA:117,2
DA:129,4
DA:139,4
DA:141,4
DA:143,2
DA:164,7
DA:165,2
DA:168,7
DA:175,6
DA:177,6
DA:186,6
DA:187,6
DA:189,6
DA:191,4
DA:192,4
DA:198,4
DA:204,4
DA:206,4
DA:211,5
LF:40
LH:40
BRDA:39,0,0,4
BRDA:39,0,1,3
BRDA:42,1,0,3
BRDA:42,1,1,1
BRDA:66,2,0,1
BRDA:66,2,1,15
BRDA:141,3,0,2
BRDA:141,3,1,2
BRDA:164,4,0,2
BRDA:164,4,1,5
BRDA:189,5,0,2
BRDA:189,5,1,4
BRDA:206,6,0,2
BRDA:206,6,1,2
BRF:14
BRH:14
end_of_record
TN:
SF:routes/_testCommon.js
FN:8,commonBeforeAll
FN:65,commonBeforeEach
FN:69,commonAfterEach
FN:73,commonAfterAll
FNF:4
FNH:4
FNDA:3,commonBeforeAll
FNDA:41,commonBeforeEach
FNDA:41,commonAfterEach
FNDA:3,commonAfterAll
DA:3,3
DA:4,3
DA:5,3
DA:6,3
DA:10,3
DA:12,3
DA:14,3
DA:22,3
DA:30,3
DA:39,3
DA:47,3
DA:55,3
DA:66,41
DA:70,41
DA:74,3
DA:78,3
DA:81,3
LF:17
LH:17
BRF:0
BRH:0
end_of_record
TN:
SF:routes/auth.js
FN:22,(anonymous_0)
FN:29,(anonymous_1)
FN:49,(anonymous_2)
FN:56,(anonymous_3)
FNF:4
FNH:4
FNDA:5,(anonymous_0)
FNDA:2,(anonymous_1)
FNDA:3,(anonymous_2)
FNDA:5,(anonymous_3)
DA:5,4
DA:7,4
DA:8,4
DA:9,4
DA:10,4
DA:11,4
DA:12,4
DA:13,4
DA:22,4
DA:23,5
DA:28,5
DA:29,2
DA:30,2
DA:33,3
DA:34,3
DA:35,1
DA:36,1
DA:49,4
DA:50,3
DA:55,3
DA:56,5
DA:57,2
DA:60,1
DA:61,1
DA:62,1
DA:66,4
LF:26
LH:26
BRDA:28,0,0,2
BRDA:28,0,1,3
BRDA:55,1,0,2
BRDA:55,1,1,1
BRF:4
BRH:4
end_of_record
TN:
SF:routes/companies.js
FN:27,(anonymous_0)
FN:34,(anonymous_1)
FN:53,(anonymous_2)
FN:66,(anonymous_3)
FN:82,(anonymous_4)
FN:89,(anonymous_5)
FN:102,(anonymous_6)
FNF:7
FNH:7
FNDA:3,(anonymous_0)
FNDA:3,(anonymous_1)
FNDA:1,(anonymous_2)
FNDA:3,(anonymous_3)
FNDA:4,(anonymous_4)
FNDA:2,(anonymous_5)
FNDA:2,(anonymous_6)
DA:5,4
DA:6,4
DA:8,4
DA:9,4
DA:10,4
DA:12,4
DA:13,4
DA:15,4
DA:27,4
DA:28,3
DA:33,3
DA:34,3
DA:35,2
DA:38,1
DA:39,1
DA:53,4
DA:54,1
DA:55,1
DA:66,4
DA:67,3
DA:68,2
DA:82,4
DA:83,4
DA:88,4
DA:89,2
DA:90,2
DA:93,2
DA:94,1
DA:102,4
DA:103,2
DA:104,1
DA:108,4
LF:32
LH:32
BRDA:33,0,0,2
BRDA:33,0,1,1
BRDA:88,1,0,2
BRDA:88,1,1,2
BRF:4
BRH:4
end_of_record
TN:
SF:routes/users.js
FN:30,(anonymous_0)
FN:37,(anonymous_1)
FN:54,(anonymous_2)
FN:67,(anonymous_3)
FN:83,(anonymous_4)
FN:90,(anonymous_5)
FN:104,(anonymous_6)
FNF:7
FNH:7
FNDA:4,(anonymous_0)
FNDA:5,(anonymous_1)
FNDA:1,(anonymous_2)
FNDA:2,(anonymous_3)
FNDA:4,(anonymous_4)
FNDA:1,(anonymous_5)
FNDA:2,(anonymous_6)
DA:5,4
DA:7,4
DA:8,4
DA:9,4
DA:10,4
DA:11,4
DA:12,4
DA:13,4
DA:15,4
DA:30,4
DA:31,4
DA:36,4
DA:37,5
DA:38,2
DA:41,2
DA:42,2
DA:43,2
DA:54,4
DA:55,1
DA:56,1
DA:67,4
DA:68,2
DA:69,1
DA:83,4
DA:84,4
DA:89,4
DA:90,1
DA:91,1
DA:94,3
DA:95,2
DA:104,4
DA:105,2
DA:106,1
DA:110,4
LF:34
LH:34
BRDA:36,0,0,2
BRDA:36,0,1,2
BRDA:89,1,0,1
BRDA:89,1,1,3
BRF:4
BRH:4
end_of_record
