TN:
SF:app.js
FN:30,(anonymous_0)
FN:35,(anonymous_1)
FNF:2
FNH:2
FNDA:2,(anonymous_0)
FNDA:37,(anonymous_1)
DA:5,4
DA:6,4
DA:8,4
DA:10,4
DA:11,4
DA:12,4
DA:13,4
DA:15,4
DA:17,4
DA:19,4
DA:20,4
DA:21,4
DA:22,4
DA:24,4
DA:25,4
DA:26,4
DA:30,4
DA:31,2
DA:35,4
DA:36,37
DA:39,37
DA:41,37
DA:46,4
LF:23
LH:23
BRDA:36,0,0,1
BRDA:36,0,1,36
BRF:2
BRH:2
end_of_record
TN:
SF:config.js
FN:13,getDatabaseUri
FNF:1
FNH:1
FNDA:10,getDatabaseUri
DA:5,9
DA:6,9
DA:8,9
DA:10,9
DA:14,10
DA:21,9
DA:23,9
DA:24,1
DA:34,9
LF:9
LH:9
BRDA:8,0,0,9
BRDA:8,0,1,8
BRDA:10,1,0,9
BRDA:10,1,1,8
BRDA:14,2,0,7
BRDA:14,2,1,3
BRDA:16,3,0,3
BRDA:16,3,1,1
BRDA:21,4,0,8
BRDA:21,4,1,1
BRDA:23,5,0,1
BRDA:23,5,1,8
BRF:12
BRH:12
end_of_record
TN:
SF:db.js
FN:14,connectDb
FNF:1
FNH:1
FNDA:6,connectDb
DA:5,6
DA:6,6
DA:8,6
DA:10,6
DA:16,6
DA:17,6
DA:18,6
DA:19,6
DA:25,6
DA:27,6
LF:10
LH:10
BRF:0
BRH:0
end_of_record
TN:
SF:expressError.js
FN:10,(anonymous_0)
FN:20,(anonymous_1)
FN:28,(anonymous_2)
FN:36,(anonymous_3)
FN:44,(anonymous_4)
FNF:5
FNH:4
FNDA:53,(anonymous_0)
FNDA:14,(anonymous_1)
FNDA:21,(anonymous_2)
FNDA:18,(anonymous_3)
FNDA:0,(anonymous_4)
DA:11,53
DA:12,53
DA:13,53
DA:21,14
DA:29,21
DA:37,18
DA:45,0
DA:49,9
LF:8
LH:7
BRDA:20,0,0,2
BRDA:28,1,0,17
BRDA:36,2,0,0
BRDA:44,3,0,0
BRF:4
BRH:2
end_of_record
TN:
SF:helpers/sql.js
FN:20,sqlForPartialUpdate
FN:27,(anonymous_1)
FNF:2
FNH:2
FNDA:17,sqlForPartialUpdate
FNDA:26,(anonymous_1)
DA:3,7
DA:21,17
DA:24,16
DA:27,13
DA:28,26
DA:31,13
DA:81,7
LF:7
LH:7
BRDA:24,0,0,3
BRDA:24,0,1,13
BRDA:28,1,0,26
BRDA:28,1,1,11
BRF:4
BRH:4
end_of_record
TN:
SF:helpers/tokens.js
FN:8,createToken
FNF:1
FNH:1
FNDA:12,createToken
DA:3,5
DA:4,5
DA:9,12
DA:14,12
DA:17,5
LF:5
LH:5
BRF:0
BRH:0
end_of_record
TN:
SF:helpers/utils.js
FN:9,prepareData
FNF:1
FNH:1
FNDA:7,prepareData
DA:3,5
DA:11,7
DA:12,7
DA:14,7
DA:15,1
DA:18,6
DA:21,5
LF:7
LH:7
BRDA:11,0,0,6
BRDA:11,0,1,1
BRDA:12,1,0,6
BRDA:12,1,1,1
BRDA:14,2,0,1
BRDA:14,2,1,6
BRDA:14,3,0,7
BRDA:14,3,1,5
BRDA:14,3,2,3
BRF:9
BRH:9
end_of_record
TN:
SF:middleware/auth.js
FN:18,authenticateJWT
FN:39,ensureLoggedIn
FN:50,ensureIsAdmin
FN:61,ensureIsAdminOrCurrentUser
FNF:4
FNH:4
FNDA:58,authenticateJWT
FNDA:29,ensureLoggedIn
FNDA:17,ensureIsAdmin
FNDA:16,ensureIsAdminOrCurrentUser
DA:5,5
DA:6,5
DA:7,5
DA:20,58
DA:21,58
DA:22,33
DA:24,33
DA:25,33
DA:30,58
DA:40,29
DA:41,7
DA:51,17
DA:52,5
DA:62,16
DA:63,5
DA:68,5
LF:16
LH:16
BRDA:21,0,0,33
BRDA:21,0,1,25
BRDA:40,1,0,22
BRDA:40,1,1,7
BRDA:51,2,0,12
BRDA:51,2,1,5
BRDA:62,3,0,11
BRDA:62,3,1,5
BRDA:62,4,0,16
BRDA:62,4,1,8
BRF:10
BRH:10
end_of_record
TN:
SF:models/_testCommon.js
FN:8,commonBeforeAll
FN:34,commonBeforeEach
FN:38,commonAfterEach
FN:42,commonAfterAll
FNF:4
FNH:4
FNDA:2,commonBeforeAll
FNDA:32,commonBeforeEach
FNDA:32,commonAfterEach
FNDA:2,commonAfterAll
DA:3,2
DA:5,2
DA:6,2
DA:10,2
DA:12,2
DA:14,2
DA:20,2
DA:35,32
DA:39,32
DA:43,2
DA:47,2
LF:11
LH:11
BRF:0
BRH:0
end_of_record
TN:
SF:models/company.js
FN:19,(anonymous_0)
FN:58,(anonymous_1)
FN:87,(anonymous_2)
FN:116,(anonymous_3)
FN:149,(anonymous_4)
FN:179,(anonymous_5)
FN:195,(anonymous_6)
FNF:7
FNH:7
FNDA:13,(anonymous_0)
FNDA:5,(anonymous_1)
FNDA:5,(anonymous_2)
FNDA:6,(anonymous_3)
FNDA:4,(anonymous_4)
FNDA:9,(anonymous_5)
FNDA:14,(anonymous_6)
DA:3,5
DA:4,5
DA:5,5
DA:20,13
DA:25,13
DA:26,1
DA:28,12
DA:48,12
DA:50,12
DA:59,5
DA:67,5
DA:76,5
DA:88,5
DA:97,5
DA:99,5
DA:101,3
DA:118,6
DA:124,5
DA:126,5
DA:136,5
DA:137,5
DA:139,5
DA:141,3
DA:150,4
DA:155,4
DA:157,4
DA:181,9
DA:182,3
DA:185,6
DA:187,6
DA:188,6
DA:189,6
DA:190,6
DA:194,6
DA:195,14
DA:197,6
DA:206,5
LF:37
LH:37
BRDA:25,0,0,1
BRDA:25,0,1,12
BRDA:99,1,0,2
BRDA:99,1,1,3
BRDA:139,2,0,2
BRDA:139,2,1,3
BRDA:157,3,0,2
BRDA:157,3,1,2
BRDA:181,4,0,3
BRDA:181,4,1,6
BRDA:181,5,0,9
BRDA:181,5,1,8
BRDA:187,6,0,6
BRDA:187,6,1,0
BRF:14
BRH:13
end_of_record
TN:
SF:models/user.js
FN:25,(anonymous_0)
FN:59,(anonymous_1)
FN:107,(anonymous_2)
FN:129,(anonymous_3)
FN:164,(anonymous_4)
FN:198,(anonymous_5)
FNF:6
FNH:6
FNDA:7,(anonymous_0)
FNDA:15,(anonymous_1)
FNDA:2,(anonymous_2)
FNDA:5,(anonymous_3)
FNDA:8,(anonymous_4)
FNDA:5,(anonymous_5)
DA:3,5
DA:4,5
DA:5,5
DA:10,5
DA:12,5
DA:27,7
DA:38,7
DA:40,7
DA:42,4
DA:43,4
DA:44,3
DA:45,3
DA:49,4
DA:61,15
DA:67,15
DA:68,1
DA:71,14
DA:73,14
DA:97,14
DA:99,14
DA:108,2
DA:118,2
DA:130,5
DA:140,5
DA:142,5
DA:144,3
DA:165,8
DA:166,2
DA:169,8
DA:176,7
DA:178,7
DA:187,7
DA:188,7
DA:190,7
DA:192,5
DA:193,5
DA:199,5
DA:205,5
DA:207,5
DA:212,5
LF:40
LH:40
BRDA:40,0,0,4
BRDA:40,0,1,3
BRDA:43,1,0,3
BRDA:43,1,1,1
BRDA:67,2,0,1
BRDA:67,2,1,14
BRDA:142,3,0,2
BRDA:142,3,1,3
BRDA:165,4,0,2
BRDA:165,4,1,6
BRDA:190,5,0,2
BRDA:190,5,1,5
BRDA:207,6,0,2
BRDA:207,6,1,3
BRF:14
BRH:14
end_of_record
TN:
SF:routes/_testCommon.js
FN:8,commonBeforeAll
FN:65,commonBeforeEach
FN:69,commonAfterEach
FN:73,commonAfterAll
FNF:4
FNH:4
FNDA:3,commonBeforeAll
FNDA:53,commonBeforeEach
FNDA:53,commonAfterEach
FNDA:3,commonAfterAll
DA:3,3
DA:4,3
DA:5,3
DA:6,3
DA:10,3
DA:12,3
DA:14,3
DA:22,3
DA:30,3
DA:39,3
DA:47,3
DA:55,3
DA:66,53
DA:70,53
DA:74,3
DA:78,3
DA:79,3
DA:82,3
LF:18
LH:18
BRF:0
BRH:0
end_of_record
TN:
SF:routes/auth.js
FN:22,(anonymous_0)
FN:29,(anonymous_1)
FN:49,(anonymous_2)
FN:56,(anonymous_3)
FNF:4
FNH:4
FNDA:5,(anonymous_0)
FNDA:2,(anonymous_1)
FNDA:3,(anonymous_2)
FNDA:5,(anonymous_3)
DA:5,4
DA:7,4
DA:8,4
DA:9,4
DA:10,4
DA:11,4
DA:12,4
DA:13,4
DA:22,4
DA:23,5
DA:28,5
DA:29,2
DA:30,2
DA:33,3
DA:34,3
DA:35,1
DA:36,1
DA:49,4
DA:50,3
DA:55,3
DA:56,5
DA:57,2
DA:60,1
DA:61,1
DA:62,1
DA:66,4
LF:26
LH:26
BRDA:28,0,0,2
BRDA:28,0,1,3
BRDA:55,1,0,2
BRDA:55,1,1,1
BRF:4
BRH:4
end_of_record
TN:
SF:routes/companies.js
FN:29,(anonymous_0)
FN:36,(anonymous_1)
FN:55,(anonymous_2)
FN:65,(anonymous_3)
FN:81,(anonymous_4)
FN:98,(anonymous_5)
FN:106,(anonymous_6)
FN:119,(anonymous_7)
FNF:8
FNH:8
FNDA:2,(anonymous_0)
FNDA:2,(anonymous_1)
FNDA:4,(anonymous_2)
FNDA:3,(anonymous_3)
FNDA:3,(anonymous_4)
FNDA:4,(anonymous_5)
FNDA:2,(anonymous_6)
FNDA:2,(anonymous_7)
DA:5,4
DA:6,4
DA:8,4
DA:9,4
DA:10,4
DA:12,4
DA:13,4
DA:14,4
DA:16,4
DA:17,4
DA:29,4
DA:30,2
DA:35,2
DA:36,2
DA:37,1
DA:40,1
DA:41,1
DA:55,4
DA:57,4
DA:59,4
DA:64,4
DA:65,3
DA:66,2
DA:69,2
DA:70,2
DA:81,4
DA:82,3
DA:84,2
DA:98,4
DA:100,4
DA:105,4
DA:106,2
DA:107,2
DA:110,2
DA:111,1
DA:119,4
DA:120,2
DA:121,1
DA:125,4
LF:39
LH:39
BRDA:35,0,0,1
BRDA:35,0,1,1
BRDA:64,1,0,2
BRDA:64,1,1,2
BRDA:105,2,0,2
BRDA:105,2,1,2
BRF:6
BRH:6
end_of_record
TN:
SF:routes/users.js
FN:30,(anonymous_0)
FN:37,(anonymous_1)
FN:54,(anonymous_2)
FN:67,(anonymous_3)
FN:83,(anonymous_4)
FN:90,(anonymous_5)
FN:104,(anonymous_6)
FNF:7
FNH:7
FNDA:3,(anonymous_0)
FNDA:5,(anonymous_1)
FNDA:1,(anonymous_2)
FNDA:3,(anonymous_3)
FNDA:5,(anonymous_4)
FNDA:1,(anonymous_5)
FNDA:3,(anonymous_6)
DA:5,4
DA:7,4
DA:8,4
DA:9,4
DA:10,4
DA:11,4
DA:12,4
DA:13,4
DA:15,4
DA:30,4
DA:31,3
DA:36,3
DA:37,5
DA:38,2
DA:41,1
DA:42,1
DA:43,1
DA:54,4
DA:55,1
DA:56,1
DA:67,4
DA:68,3
DA:69,2
DA:83,4
DA:84,5
DA:89,5
DA:90,1
DA:91,1
DA:94,4
DA:95,3
DA:104,4
DA:105,3
DA:106,2
DA:110,4
LF:34
LH:34
BRDA:36,0,0,2
BRDA:36,0,1,1
BRDA:89,1,0,1
BRDA:89,1,1,4
BRF:4
BRH:4
end_of_record
